[Licensing::Module] Trying to connect to existing licensing client channel...
Built from '6000.4/staging' branch; Version is '6000.4.3f1 (39d1a88d4dd1) revision 3789224'; Using compiler version '194234433'; Build Type 'Release'
OS: 'Windows 11  (10.0.26200) Core' Language: 'en' Physical Memory: 32609 MB
[Licensing::IpcConnector] Successfully connected to: "LicenseClient-jwmcg" at "2026-04-19T16:39:03.3574949Z"
BatchMode: 1, IsHumanControllingUs: 0, StartBugReporterOnCrash: 0, Is64bit: 1
System  architecture: x64
Process architecture: x64
Date: 2026-04-19T16:39:03Z

COMMAND LINE ARGUMENTS:
C:\Program Files\Unity\Hub\Editor\6000.4.3f1\Editor\Unity.exe
-batchmode
-nographics
-projectPath
C:\Users\jwmcg\OneDrive\Documents\AI Projects\Live Envirnments\extraction-weight-game
-executeMethod
ExtractionWeight.Core.Editor.PlayerPhase1BootstrapUtility.BuildPhase1PlayerContentFromBatchMode
-quit
-logFile
C:\Users\jwmcg\OneDrive\Documents\AI Projects\Live Envirnments\extraction-weight-game\player-bootstrap.log
Successfully changed project path to: C:\Users\jwmcg\OneDrive\Documents\AI Projects\Live Envirnments\extraction-weight-game
C:/Users/jwmcg/OneDrive/Documents/AI Projects/Live Envirnments/extraction-weight-game
[UnityMemory] Configuration Parameters - Can be set up in boot.config
    "memorysetup-temp-allocator-size-gi-baking-worker=262144"
    "memorysetup-temp-allocator-size-gi-baking-worker=262144"
    "memorysetup-temp-allocator-size-gi-baking-worker=262144"
    "memorysetup-temp-allocator-size-gi-baking-worker=262144"
    "memorysetup-temp-allocator-size-gi-baking-worker=262144"
    "memorysetup-temp-allocator-size-nav-mesh-worker=65536"
    "memorysetup-temp-allocator-size-audio-worker=65536"
    "memorysetup-temp-allocator-size-cloud-worker=32768"
    "memorysetup-temp-allocator-size-gfx=262144"
    "memorysetup-temp-allocator-size-preload-manager=33554432"
    "memorysetup-temp-allocator-size-job-worker=262144"
    "memorysetup-temp-allocator-size-background-worker=32768"
    "memorysetup-allocator-temp-initial-block-size-main=262144"
    "memorysetup-allocator-temp-initial-block-size-worker=262144"
    "memorysetup-bucket-allocator-granularity=16"
    "memorysetup-bucket-allocator-bucket-count=8"
    "memorysetup-bucket-allocator-block-size=33554432"
    "memorysetup-bucket-allocator-block-count=8"
    "memorysetup-main-allocator-block-size=16777216"
    "memorysetup-thread-allocator-block-size=16777216"
    "memorysetup-gfx-main-allocator-block-size=16777216"
    "memorysetup-gfx-thread-allocator-block-size=16777216"
    "memorysetup-cache-allocator-block-size=4194304"
    "memorysetup-typetree-allocator-block-size=2097152"
    "memorysetup-profiler-bucket-allocator-granularity=16"
    "memorysetup-profiler-bucket-allocator-bucket-count=8"
    "memorysetup-profiler-bucket-allocator-block-size=33554432"
    "memorysetup-profiler-bucket-allocator-block-count=8"
    "memorysetup-profiler-allocator-block-size=16777216"
    "memorysetup-profiler-editor-allocator-block-size=1048576"
    "memorysetup-temp-allocator-size-main=16777216"
    "memorysetup-job-temp-allocator-block-size=2097152"
    "memorysetup-job-temp-allocator-block-size-background=1048576"
    "memorysetup-job-temp-allocator-reduction-small-platforms=262144"
Player connection [32684]  Target information:

Player connection [32684]  * "[IP] 10.0.0.151 [Port] 55504 [Flags] 2 [Guid] 75434379 [EditorId] 75434379 [Version] 1048832 [Id] WindowsEditor(7,Johnnys_Super) [Debug] 1 [PackageName] WindowsEditor [ProjectName] Editor" 

Player connection [32684] Host joined multi-casting on [225.0.0.222:54997]...
Player connection [32684] Host joined alternative multi-casting on [225.0.0.222:34997]...
Input System module state changed to: Initialized.
[Physics::Module] Initialized fallback backend.
[Physics::Module] Id: 0xdecafbad
[Package Manager] Connected to IPC stream "Upm-13864" after 0.2 seconds.
[Licensing::Module] Licensing is not yet initialized.
[Licensing::Client] Error: HandshakeResponse reported an error:
	ResponseCode: 505
	ResponseStatus: Unsupported protocol version '1.18.1'.
[Licensing::Module] Error: Failed to handshake to channel: "LicenseClient-jwmcg"
[Licensing::IpcConnector] LicenseClient-jwmcg channel disconnected successfully.
[Licensing::IpcConnector] Channel LicenseClient-jwmcg-6000.4.3 doesn't exist
[Licensing::Module] Successfully launched the LicensingClient (PId: 18812)
[Licensing::IpcConnector] Successfully connected to: "LicenseClient-jwmcg-6000.4.3" at "2026-04-19T16:39:04.7871405Z"
[Licensing::Client] Handshaking with LicensingClient:
  Version:                 1.18.1+9fbee8e
  Session Id:              c6d2201fb46f4ee49a02370940ba3496
  Correlation Id:          3fb51fe301a1a87ed399c078aa3c2aa2
  External correlation Id: 7256913462595217795
  Machine Id:              1BeB/TLi2XvtpQs0S1BLgEO37gQ=
[Licensing::Module] Successfully connected to LicensingClient on channel: "LicenseClient-jwmcg-6000.4.3" (connect: 0.16s, validation: 0.03s, handshake: 1.23s)
[Licensing::IpcConnector] Successfully connected to: "LicenseClient-jwmcg-6000.4.3-notifications" at "2026-04-19T16:39:06.0562683Z"
[Licensing::Module] Connected to LicensingClient (PId: 18812, launch time: 0.00, total connection time: 1.43s)
[Licensing::Module] Error: Access token is unavailable; failed to update
[Licensing::Client] Successfully resolved entitlement details
[Licensing::Module] License group:
  Id: 2475969837267-UnityPersXXXX
  Product: Unity Personal
  Type: Assigned
  Expiration: Unlimited
[Licensing::Client] Successfully updated license, isAsync: True, time: 0.01
[Licensing::Client] Successfully resolved entitlement details
[Licensing::Module] Licensing Background thread has ended after 2.71s
[Licensing::Module] Licensing is initialized (took 2.40s).
[Licensing::Client] Successfully resolved entitlement details
Library Redirect Path: Library/
[Physics::Module] Selected backend.
[Physics::Module] Name: PhysX
[Physics::Module] Id: 0xf2b8ea05
[Physics::Module] SDK Version: 4.1.2
[Physics::Module] Integration Version: 1.0.0
[Physics::Module] Threading Mode: Multi-Threaded
Initialize engine version: 6000.4.3f1 (39d1a88d4dd1)
[Subsystems] Discovering subsystems at path C:/Program Files/Unity/Hub/Editor/6000.4.3f1/Editor/Data/Resources/UnitySubsystems
[Subsystems] Discovering subsystems at path C:/Users/jwmcg/OneDrive/Documents/AI Projects/Live Envirnments/extraction-weight-game/Assets
Forcing GfxDevice: Null
GfxDevice: creating device client; kGfxThreadingModeNonThreaded
NullGfxDevice:
    Version:  NULL 1.0 [1.0]
    Renderer: Null Device
    Vendor:   Unity Technologies
Initialize mono
Mono path[0] = 'C:/Program Files/Unity/Hub/Editor/6000.4.3f1/Editor/Data/Managed'
Mono path[1] = 'C:/Program Files/Unity/Hub/Editor/6000.4.3f1/Editor/Data/MonoBleedingEdge/lib/mono/unityjit-win32'
Mono config path = 'C:/Program Files/Unity/Hub/Editor/6000.4.3f1/Editor/Data/MonoBleedingEdge/etc'
Using monoOptions --debugger-agent=transport=dt_socket,embedding=1,server=y,suspend=n,address=127.0.0.1:56864
CodeReloadManager initialized
Using cacheserver namespaces - metadata:defaultmetadata, artifacts:defaultartifacts
Using cacheserver namespaces - metadata:defaultmetadata, artifacts:defaultartifacts
ImportWorker Server TCP listen port: 0
AcceleratorClientConnectionCallback - disconnected - :0
Begin MonoManager ReloadAssembly
Registering precompiled unity dll's ...
Register platform support module: C:/Program Files/Unity/Hub/Editor/6000.4.3f1/Editor/Data/PlaybackEngines/WebGLSupport/UnityEditor.WebGL.Extensions.dll
Register platform support module: C:/Program Files/Unity/Hub/Editor/6000.4.3f1/Editor/Data/PlaybackEngines/WindowsStandaloneSupport/UnityEditor.WindowsStandalone.Extensions.dll
Registered in 0.001421 seconds.
Native extension for WindowsStandalone target not found
Native extension for WebGL target not found
Package Manager log level set to [2]
ScheduleIndexationOnStartup MainProcess:False IndexOnStartup:False
Mono: successfully reloaded assembly
- Finished resetting the current domain, in  0.241 seconds
Domain Reload Profiling: 538ms
	BeginReloadAssembly (94ms)
		CreateAndSetChildDomain (16ms)
	RebuildCommonClasses (24ms)
	RebuildNativeTypeToScriptingClass (8ms)
	initialDomainReloadingComplete (41ms)
	LoadAllAssembliesAndSetupDomain (129ms)
		LoadAssemblies (77ms)
		AnalyzeDomain (123ms)
			TypeCache.Refresh (122ms)
				TypeCache.ScanAssembly (113ms)
	FinalizeReload (242ms)
		SetupLoadedEditorAssemblies (0ms)
			InitializePlatformSupportModulesInManaged (31ms)
			BeforeProcessingInitializeOnLoad (51ms)
			ProcessInitializeOnLoadAttributes (66ms)
			ProcessInitializeOnLoadMethodAttributes (54ms)
[Licensing::Client] Successfully resolved entitlement details
Application.AssetDatabase Initial Refresh Start
[Package Manager] Restoring resolved packages state from cache
[Licensing::Client] Successfully resolved entitlement details
[Package Manager] Registered 59 packages:
  Packages from [https://packages.unity.com]:
    com.unity.addressables@2.9.1 (location: C:\Users\jwmcg\OneDrive\Documents\AI Projects\Live Envirnments\extraction-weight-game\Library\PackageCache\com.unity.addressables@8460f1c9c927)
    com.unity.ads@4.16.4 (location: C:\Users\jwmcg\OneDrive\Documents\AI Projects\Live Envirnments\extraction-weight-game\Library\PackageCache\com.unity.ads@e89225828059)
    com.unity.ai.navigation@2.0.12 (location: C:\Users\jwmcg\OneDrive\Documents\AI Projects\Live Envirnments\extraction-weight-game\Library\PackageCache\com.unity.ai.navigation@734c2c4c5591)
    com.unity.analytics@3.8.2 (location: C:\Users\jwmcg\OneDrive\Documents\AI Projects\Live Envirnments\extraction-weight-game\Library\PackageCache\com.unity.analytics@c9d14a6bdec6)
    com.unity.cinemachine@2.10.7 (location: C:\Users\jwmcg\OneDrive\Documents\AI Projects\Live Envirnments\extraction-weight-game\Library\PackageCache\com.unity.cinemachine@631385387c5a)
    com.unity.collab-proxy@2.12.4 (location: C:\Users\jwmcg\OneDrive\Documents\AI Projects\Live Envirnments\extraction-weight-game\Library\PackageCache\com.unity.collab-proxy@0b1559bcd34e)
    com.unity.ide.rider@3.0.39 (location: C:\Users\jwmcg\OneDrive\Documents\AI Projects\Live Envirnments\extraction-weight-game\Library\PackageCache\com.unity.ide.rider@4504839d03f7)
    com.unity.ide.visualstudio@2.0.27 (location: C:\Users\jwmcg\OneDrive\Documents\AI Projects\Live Envirnments\extraction-weight-game\Library\PackageCache\com.unity.ide.visualstudio@dc1ddd4f09b6)
    com.unity.inputsystem@1.19.0 (location: C:\Users\jwmcg\OneDrive\Documents\AI Projects\Live Envirnments\extraction-weight-game\Library\PackageCache\com.unity.inputsystem@21a28c3a6c83)
    com.unity.purchasing@4.15.0 (location: C:\Users\jwmcg\OneDrive\Documents\AI Projects\Live Envirnments\extraction-weight-game\Library\PackageCache\com.unity.purchasing@ffbc76639aab)
    com.unity.timeline@1.8.12 (location: C:\Users\jwmcg\OneDrive\Documents\AI Projects\Live Envirnments\extraction-weight-game\Library\PackageCache\com.unity.timeline@8cd8509afae5)
    com.unity.xr.legacyinputhelpers@3.0.1 (location: C:\Users\jwmcg\OneDrive\Documents\AI Projects\Live Envirnments\extraction-weight-game\Library\PackageCache\com.unity.xr.legacyinputhelpers@3f62d634f63b)
    com.unity.services.core@1.16.0 (location: C:\Users\jwmcg\OneDrive\Documents\AI Projects\Live Envirnments\extraction-weight-game\Library\PackageCache\com.unity.services.core@8ba50f624741)
    com.unity.services.analytics@6.3.0 (location: C:\Users\jwmcg\OneDrive\Documents\AI Projects\Live Envirnments\extraction-weight-game\Library\PackageCache\com.unity.services.analytics@cde4e6cf92f9)
    com.unity.profiling.core@1.0.3 (location: C:\Users\jwmcg\OneDrive\Documents\AI Projects\Live Envirnments\extraction-weight-game\Library\PackageCache\com.unity.profiling.core@8a49f7027d06)
    com.unity.scriptablebuildpipeline@2.6.1 (location: C:\Users\jwmcg\OneDrive\Documents\AI Projects\Live Envirnments\extraction-weight-game\Library\PackageCache\com.unity.scriptablebuildpipeline@36e3b5898ee2)
    com.unity.nuget.newtonsoft-json@3.2.2 (location: C:\Users\jwmcg\OneDrive\Documents\AI Projects\Live Envirnments\extraction-weight-game\Library\PackageCache\com.unity.nuget.newtonsoft-json@4dfd81071c64)
  Built-in packages:
    com.unity.2d.sprite@1.0.0 (location: C:\Users\jwmcg\OneDrive\Documents\AI Projects\Live Envirnments\extraction-weight-game\Library\PackageCache\com.unity.2d.sprite@929df5adbb1f)
    com.unity.2d.tilemap@1.0.0 (location: C:\Users\jwmcg\OneDrive\Documents\AI Projects\Live Envirnments\extraction-weight-game\Library\PackageCache\com.unity.2d.tilemap@c457c5249013)
    com.unity.multiplayer.center@1.0.1 (location: C:\Users\jwmcg\OneDrive\Documents\AI Projects\Live Envirnments\extraction-weight-game\Library\PackageCache\com.unity.multiplayer.center@f01f4ba8d00a)
    com.unity.test-framework@1.6.0 (location: C:\Users\jwmcg\OneDrive\Documents\AI Projects\Live Envirnments\extraction-weight-game\Library\PackageCache\com.unity.test-framework@76560ee600cb)
    com.unity.ugui@2.0.0 (location: C:\Users\jwmcg\OneDrive\Documents\AI Projects\Live Envirnments\extraction-weight-game\Library\PackageCache\com.unity.ugui@d8a2716f3013)
    com.unity.modules.accessibility@1.0.0 (location: C:\Users\jwmcg\OneDrive\Documents\AI Projects\Live Envirnments\extraction-weight-game\Library\PackageCache\com.unity.modules.accessibility)
    com.unity.modules.adaptiveperformance@1.0.0 (location: C:\Users\jwmcg\OneDrive\Documents\AI Projects\Live Envirnments\extraction-weight-game\Library\PackageCache\com.unity.modules.adaptiveperformance)
    com.unity.modules.ai@1.0.0 (location: C:\Users\jwmcg\OneDrive\Documents\AI Projects\Live Envirnments\extraction-weight-game\Library\PackageCache\com.unity.modules.ai)
    com.unity.modules.androidjni@1.0.0 (location: C:\Users\jwmcg\OneDrive\Documents\AI Projects\Live Envirnments\extraction-weight-game\Library\PackageCache\com.unity.modules.androidjni)
    com.unity.modules.animation@1.0.0 (location: C:\Users\jwmcg\OneDrive\Documents\AI Projects\Live Envirnments\extraction-weight-game\Library\PackageCache\com.unity.modules.animation)
    com.unity.modules.assetbundle@1.0.0 (location: C:\Users\jwmcg\OneDrive\Documents\AI Projects\Live Envirnments\extraction-weight-game\Library\PackageCache\com.unity.modules.assetbundle)
    com.unity.modules.audio@1.0.0 (location: C:\Users\jwmcg\OneDrive\Documents\AI Projects\Live Envirnments\extraction-weight-game\Library\PackageCache\com.unity.modules.audio)
    com.unity.modules.cloth@1.0.0 (location: C:\Users\jwmcg\OneDrive\Documents\AI Projects\Live Envirnments\extraction-weight-game\Library\PackageCache\com.unity.modules.cloth)
    com.unity.modules.director@1.0.0 (location: C:\Users\jwmcg\OneDrive\Documents\AI Projects\Live Envirnments\extraction-weight-game\Library\PackageCache\com.unity.modules.director)
    com.unity.modules.imageconversion@1.0.0 (location: C:\Users\jwmcg\OneDrive\Documents\AI Projects\Live Envirnments\extraction-weight-game\Library\PackageCache\com.unity.modules.imageconversion)
    com.unity.modules.imgui@1.0.0 (location: C:\Users\jwmcg\OneDrive\Documents\AI Projects\Live Envirnments\extraction-weight-game\Library\PackageCache\com.unity.modules.imgui)
    com.unity.modules.jsonserialize@1.0.0 (location: C:\Users\jwmcg\OneDrive\Documents\AI Projects\Live Envirnments\extraction-weight-game\Library\PackageCache\com.unity.modules.jsonserialize)
    com.unity.modules.particlesystem@1.0.0 (location: C:\Users\jwmcg\OneDrive\Documents\AI Projects\Live Envirnments\extraction-weight-game\Library\PackageCache\com.unity.modules.particlesystem)
    com.unity.modules.physics@1.0.0 (location: C:\Users\jwmcg\OneDrive\Documents\AI Projects\Live Envirnments\extraction-weight-game\Library\PackageCache\com.unity.modules.physics)
    com.unity.modules.physics2d@1.0.0 (location: C:\Users\jwmcg\OneDrive\Documents\AI Projects\Live Envirnments\extraction-weight-game\Library\PackageCache\com.unity.modules.physics2d)
    com.unity.modules.screencapture@1.0.0 (location: C:\Users\jwmcg\OneDrive\Documents\AI Projects\Live Envirnments\extraction-weight-game\Library\PackageCache\com.unity.modules.screencapture)
    com.unity.modules.terrain@1.0.0 (location: C:\Users\jwmcg\OneDrive\Documents\AI Projects\Live Envirnments\extraction-weight-game\Library\PackageCache\com.unity.modules.terrain)
    com.unity.modules.terrainphysics@1.0.0 (location: C:\Users\jwmcg\OneDrive\Documents\AI Projects\Live Envirnments\extraction-weight-game\Library\PackageCache\com.unity.modules.terrainphysics)
    com.unity.modules.tilemap@1.0.0 (location: C:\Users\jwmcg\OneDrive\Documents\AI Projects\Live Envirnments\extraction-weight-game\Library\PackageCache\com.unity.modules.tilemap)
    com.unity.modules.ui@1.0.0 (location: C:\Users\jwmcg\OneDrive\Documents\AI Projects\Live Envirnments\extraction-weight-game\Library\PackageCache\com.unity.modules.ui)
    com.unity.modules.uielements@1.0.0 (location: C:\Users\jwmcg\OneDrive\Documents\AI Projects\Live Envirnments\extraction-weight-game\Library\PackageCache\com.unity.modules.uielements)
    com.unity.modules.umbra@1.0.0 (location: C:\Users\jwmcg\OneDrive\Documents\AI Projects\Live Envirnments\extraction-weight-game\Library\PackageCache\com.unity.modules.umbra)
    com.unity.modules.unityanalytics@1.0.0 (location: C:\Users\jwmcg\OneDrive\Documents\AI Projects\Live Envirnments\extraction-weight-game\Library\PackageCache\com.unity.modules.unityanalytics)
    com.unity.modules.unitywebrequest@1.0.0 (location: C:\Users\jwmcg\OneDrive\Documents\AI Projects\Live Envirnments\extraction-weight-game\Library\PackageCache\com.unity.modules.unitywebrequest)
    com.unity.modules.unitywebrequestassetbundle@1.0.0 (location: C:\Users\jwmcg\OneDrive\Documents\AI Projects\Live Envirnments\extraction-weight-game\Library\PackageCache\com.unity.modules.unitywebrequestassetbundle)
    com.unity.modules.unitywebrequestaudio@1.0.0 (location: C:\Users\jwmcg\OneDrive\Documents\AI Projects\Live Envirnments\extraction-weight-game\Library\PackageCache\com.unity.modules.unitywebrequestaudio)
    com.unity.modules.unitywebrequesttexture@1.0.0 (location: C:\Users\jwmcg\OneDrive\Documents\AI Projects\Live Envirnments\extraction-weight-game\Library\PackageCache\com.unity.modules.unitywebrequesttexture)
    com.unity.modules.unitywebrequestwww@1.0.0 (location: C:\Users\jwmcg\OneDrive\Documents\AI Projects\Live Envirnments\extraction-weight-game\Library\PackageCache\com.unity.modules.unitywebrequestwww)
    com.unity.modules.vectorgraphics@1.0.0 (location: C:\Users\jwmcg\OneDrive\Documents\AI Projects\Live Envirnments\extraction-weight-game\Library\PackageCache\com.unity.modules.vectorgraphics)
    com.unity.modules.vehicles@1.0.0 (location: C:\Users\jwmcg\OneDrive\Documents\AI Projects\Live Envirnments\extraction-weight-game\Library\PackageCache\com.unity.modules.vehicles)
    com.unity.modules.video@1.0.0 (location: C:\Users\jwmcg\OneDrive\Documents\AI Projects\Live Envirnments\extraction-weight-game\Library\PackageCache\com.unity.modules.video)
    com.unity.modules.vr@1.0.0 (location: C:\Users\jwmcg\OneDrive\Documents\AI Projects\Live Envirnments\extraction-weight-game\Library\PackageCache\com.unity.modules.vr)
    com.unity.modules.wind@1.0.0 (location: C:\Users\jwmcg\OneDrive\Documents\AI Projects\Live Envirnments\extraction-weight-game\Library\PackageCache\com.unity.modules.wind)
    com.unity.modules.xr@1.0.0 (location: C:\Users\jwmcg\OneDrive\Documents\AI Projects\Live Envirnments\extraction-weight-game\Library\PackageCache\com.unity.modules.xr)
    com.unity.modules.subsystems@1.0.0 (location: C:\Users\jwmcg\OneDrive\Documents\AI Projects\Live Envirnments\extraction-weight-game\Library\PackageCache\com.unity.modules.subsystems)
    com.unity.modules.hierarchycore@1.0.0 (location: C:\Users\jwmcg\OneDrive\Documents\AI Projects\Live Envirnments\extraction-weight-game\Library\PackageCache\com.unity.modules.hierarchycore)
    com.unity.ext.nunit@2.0.5 (location: C:\Users\jwmcg\OneDrive\Documents\AI Projects\Live Envirnments\extraction-weight-game\Library\PackageCache\com.unity.ext.nunit@d8c07649098d)
[Subsystems] No new subsystems found in resolved package list.
[Package Manager] Done registering packages in 0.01 seconds
Starting: C:\Program Files\Unity\Hub\Editor\6000.4.3f1\Editor\Data\Tools\BuildPipeline\bee_backend.exe --ipc --defer-dag-verification --dagfile="Library/Bee/1900b0aE.dag" --continue-on-failure --profile="Library/Bee/backend1.traceevents" ScriptAssemblies
WorkingDir: C:/Users/jwmcg/OneDrive/Documents/AI Projects/Live Envirnments/extraction-weight-game
DisplayProgressbar: Compiling Scripts
ExitCode: 0 Duration: 0s120ms
*** Tundra build success (0.10 seconds), 0 items updated, 924 evaluated
AssetDatabase: script compilation time: 0.393934s
Begin MonoManager ReloadAssembly
Assembly Assembly-CSharp-Editor-firstpass.dll at Library/ScriptAssemblies/Assembly-CSharp-Editor-firstpass.dll not valid. Loading of assembly skipped.
Assembly Assembly-CSharp-Editor.dll at Library/ScriptAssemblies/Assembly-CSharp-Editor.dll not valid. Loading of assembly skipped.
Assembly Assembly-CSharp-firstpass.dll at Library/ScriptAssemblies/Assembly-CSharp-firstpass.dll not valid. Loading of assembly skipped.
Assembly Assembly-CSharp.dll at Library/ScriptAssemblies/Assembly-CSharp.dll not valid. Loading of assembly skipped.
Assembly Cinemachine.Editor.Tests.dll at Library/ScriptAssemblies/Cinemachine.Editor.Tests.dll not valid. Loading of assembly skipped.
Assembly Cinemachine.Runtime.Tests.dll at Library/ScriptAssemblies/Cinemachine.Runtime.Tests.dll not valid. Loading of assembly skipped.
Assembly DocCodeExamples.dll at Library/ScriptAssemblies/DocCodeExamples.dll not valid. Loading of assembly skipped.
Assembly TestNewCustomAssembly.dll at Library/ScriptAssemblies/TestNewCustomAssembly.dll not valid. Loading of assembly skipped.
Assembly Unity.2D.Sprite.Package.EditorTests.dll at Library/ScriptAssemblies/Unity.2D.Sprite.Package.EditorTests.dll not valid. Loading of assembly skipped.
Assembly Unity.2D.Tilemap.Package.EditorTests.dll at Library/ScriptAssemblies/Unity.2D.Tilemap.Package.EditorTests.dll not valid. Loading of assembly skipped.
Assembly Unity.Addressables.Editor.Tests.dll at Library/ScriptAssemblies/Unity.Addressables.Editor.Tests.dll not valid. Loading of assembly skipped.
Assembly Unity.Addressables.Runtime.Tests.dll at Library/ScriptAssemblies/Unity.Addressables.Runtime.Tests.dll not valid. Loading of assembly skipped.
Assembly Unity.Analytics.DataPrivacy.Tests.dll at Library/ScriptAssemblies/Unity.Analytics.DataPrivacy.Tests.dll not valid. Loading of assembly skipped.
Assembly Unity.Analytics.StandardEvents.EditorTests.dll at Library/ScriptAssemblies/Unity.Analytics.StandardEvents.EditorTests.dll not valid. Loading of assembly skipped.
Assembly Unity.InputSystem.IntegrationTests.dll at Library/ScriptAssemblies/Unity.InputSystem.IntegrationTests.dll not valid. Loading of assembly skipped.
Assembly Unity.Multiplayer.Center.Editor.Tests.dll at Library/ScriptAssemblies/Unity.Multiplayer.Center.Editor.Tests.dll not valid. Loading of assembly skipped.
Assembly Unity.Multiplayer.Center.Tests.dll at Library/ScriptAssemblies/Unity.Multiplayer.Center.Tests.dll not valid. Loading of assembly skipped.
Assembly Unity.ResourceManager.Tests.dll at Library/ScriptAssemblies/Unity.ResourceManager.Tests.dll not valid. Loading of assembly skipped.
Assembly Unity.ScriptableBuildPipeline.Editor.Tests.dll at Library/ScriptAssemblies/Unity.ScriptableBuildPipeline.Editor.Tests.dll not valid. Loading of assembly skipped.
Assembly Unity.ScriptableBuildPipeline.Tests.dll at Library/ScriptAssemblies/Unity.ScriptableBuildPipeline.Tests.dll not valid. Loading of assembly skipped.
Assembly Unity.ScriptableBuildPipelineTests.Runtime.Tests.dll at Library/ScriptAssemblies/Unity.ScriptableBuildPipelineTests.Runtime.Tests.dll not valid. Loading of assembly skipped.
Assembly Unity.TextMeshPro.Editor.Tests.dll at Library/ScriptAssemblies/Unity.TextMeshPro.Editor.Tests.dll not valid. Loading of assembly skipped.
Assembly Unity.TextMeshPro.Tests.dll at Library/ScriptAssemblies/Unity.TextMeshPro.Tests.dll not valid. Loading of assembly skipped.
Assembly UnityEditor.UI.Common.Tests.dll at Library/ScriptAssemblies/UnityEditor.UI.Common.Tests.dll not valid. Loading of assembly skipped.
Assembly UnityEditor.UI.EditorTests.dll at Library/ScriptAssemblies/UnityEditor.UI.EditorTests.dll not valid. Loading of assembly skipped.
Assembly UnityEditor.XR.LegacyInputHelpers.Tests.dll at Library/ScriptAssemblies/UnityEditor.XR.LegacyInputHelpers.Tests.dll not valid. Loading of assembly skipped.
Assembly UnityEngine.Advertisements.Editor.Tests.dll at Library/ScriptAssemblies/UnityEngine.Advertisements.Editor.Tests.dll not valid. Loading of assembly skipped.
Assembly UnityEngine.Advertisements.Tests.dll at Library/ScriptAssemblies/UnityEngine.Advertisements.Tests.dll not valid. Loading of assembly skipped.
Assembly UnityEngine.Purchasing.Apple.dll at Library/ScriptAssemblies/UnityEngine.Purchasing.Apple.dll not valid. Loading of assembly skipped.
Assembly UnityEngine.Purchasing.AppleMacos.dll at Library/ScriptAssemblies/UnityEngine.Purchasing.AppleMacos.dll not valid. Loading of assembly skipped.
Assembly UnityEngine.Purchasing.Security.dll at Library/ScriptAssemblies/UnityEngine.Purchasing.Security.dll not valid. Loading of assembly skipped.
Assembly UnityEngine.Purchasing.WinRT.dll at Library/ScriptAssemblies/UnityEngine.Purchasing.WinRT.dll not valid. Loading of assembly skipped.
Assembly UnityEngine.SpatialTracking.Tests.dll at Library/ScriptAssemblies/UnityEngine.SpatialTracking.Tests.dll not valid. Loading of assembly skipped.
Assembly UnityEngine.UI.Tests.dll at Library/ScriptAssemblies/UnityEngine.UI.Tests.dll not valid. Loading of assembly skipped.
Refreshing native plugins compatible for Editor in 4.77 ms, found 3 plugins.
Native extension for WindowsStandalone target not found
Native extension for WebGL target not found
ScheduleIndexationOnStartup MainProcess:True IndexOnStartup:True
Mono: successfully reloaded assembly
- Finished resetting the current domain, in  0.729 seconds
Domain Reload Profiling: 1341ms
	BeginReloadAssembly (248ms)
		DisableScriptedObjects (14ms)
		CreateAndSetChildDomain (142ms)
	RebuildCommonClasses (23ms)
	RebuildNativeTypeToScriptingClass (8ms)
	initialDomainReloadingComplete (40ms)
	LoadAllAssembliesAndSetupDomain (294ms)
		LoadAssemblies (240ms)
		AnalyzeDomain (114ms)
			TypeCache.Refresh (78ms)
				TypeCache.ScanAssembly (70ms)
			BuildScriptInfoCaches (32ms)
			ResolveRequiredComponents (3ms)
	FinalizeReload (729ms)
		SetupLoadedEditorAssemblies (0ms)
			InitializePlatformSupportModulesInManaged (17ms)
			BeforeProcessingInitializeOnLoad (129ms)
			ProcessInitializeOnLoadAttributes (336ms)
			ProcessInitializeOnLoadMethodAttributes (143ms)
			AfterProcessingInitializeOnLoad (4ms)
		AwakeInstancesAfterBackupRestoration (12ms)
(Values over 0.050ms)
Asset Pipeline Refresh (id=c183f605df3bd054396a6b1dc4ec387d): Total: 2.115 seconds - Initiated by InitialRefreshV2(ForceSynchronousImport)
	Summary:
		Imports: total=0 (actual=0, local cache=0, cache server=0)
		Asset DB Process Time: managed=0 ms, native=1020 ms
		Asset DB Callback time: managed=11 ms, native=10 ms
		Scripting: domain reloads=1, domain reload time=617 ms, compile time=395 ms, other=59 ms
		Project Asset Count: scripts=1103, non-scripts=1409
		Asset File Changes: new=0, changed=0, moved=0, deleted=0
		Scan Filter Count: 0
	InvokePackagesCallback: 11.846ms
	ApplyChangesToAssetFolders: 0.458ms
	Scan: 99.018ms
	CategorizeScriptCompilationAssets: 17.887ms
	ProcessAssetsWithTransientArtifactChanges: 31.457ms
	CategorizeAssets: 13.153ms
	CompileScripts: 394.849ms
	ImportOutOfDateAssets: 743.823ms (742.474ms without children)
		UnloadImportedAssets: 0.917ms
		EnsureUptoDateAssetsAreRegisteredWithGuidPM: 0.230ms
		OnDemandSchedulerStart: 0.201ms
	PostProcessAllAssets: 11.790ms
		MonoPostProcessAllAssets: 11.752ms
			WindowAssetPostprocessingWatcher.OnPostprocessAllAssets 4.562ms
			SpeedTree9Postprocessor.OnPostprocessAllAssets 0.471ms
			CinemachineSettings.OnPostprocessAllAssets 0.248ms
			ReferencedClipsPostProcessor.OnPostprocessAllAssets 0.224ms
			InputActionAssetPostprocessor.OnPostprocessAllAssets 0.169ms
			TerrainToolbarOverlayPostProcessor.OnPostprocessAllAssets 0.112ms
			AssetDatabaseCallbacks.OnPostprocessAllAssets 0.109ms
			ProjectSettingsPostprocessor.OnPostprocessAllAssets 0.090ms
			SyncVS.PostprocessSyncProject 0.062ms
			RenderPipelineGlobalSettingsPostprocessor.OnPostprocessAllAssets 0.050ms
	UnloadStreamsBegin: 0.901ms
	PersistCurrentRevisions: 0.052ms
	GenerateScriptTypeHashes: 1.562ms
	GenerateScriptTypeSerializationHashes: 2.900ms
	Untracked: 786.743ms

Application.AssetDatabase Initial Refresh End
Scanning for USB devices : 16.822ms
Initializing Unity extensions:
[MODES] ModeService[none].Initialize
[MODES] ModeService[none].LoadModes
[MODES] Loading mode Default (0) for mode-current-id-extraction-weight-game
Unloading 4 Unused Serialized files (Serialized files now loaded: 0)
Unloading 4512 unused Assets / (2.1 MB). Loaded Objects now: 5106.
Memory consumption went from 139.2 MB to 137.1 MB.
Total: 7.448400 ms (FindLiveObjects: 0.219600 ms CreateObjectMapping: 0.174600 ms MarkObjects: 6.218500 ms  DeleteObjects: 0.833500 ms)

Asset Pipeline Refresh (id=9ba903e73ae98b04688d420e86a71481): Total: 0.037 seconds - Initiated by StopAssetImportingV2(NoUpdateAssetOptions)
Opening scene 'Assets/_Project/Scenes/Zones/Drydock.unity'
Unloading 0 Unused Serialized files (Serialized files now loaded: 0)
Loaded scene 'Assets/_Project/Scenes/Zones/Drydock.unity'
	Deserialize:            2.841 ms
	Integration:            5.957 ms
	Integration of assets:  0.018 ms
	Thread Wait Time:       0.008 ms
	Total Operation Time:   8.824 ms
Unloading 3 unused Assets / (1.2 KB). Loaded Objects now: 5408.
Memory consumption went from 133.4 MB to 133.4 MB.
Total: 5.885000 ms (FindLiveObjects: 0.148700 ms CreateObjectMapping: 0.055100 ms MarkObjects: 5.663100 ms  DeleteObjects: 0.017500 ms)

Asset Pipeline Refresh (id=fde6aacc6639dee4c9fe1360a86adceb): Total: 0.007 seconds - Initiated by RefreshV2(NoUpdateAssetOptions)
Start importing Assets/_Project/Scenes/Zones/Drydock.unity using Guid(6e09551260c0215499ebc809e44dee42) (DefaultImporter) -> (Import Result ID: 'd465ba48e4f70fea45af5f46ad46c0ca') in 0.0032338 seconds [static dependencies only]. Details - ImportResultOutputID=c5abde0a348ef45f195b6f57e0dfadd0 DependenciesID=23bd00317040b597430de53c35959534 StaticDependenciesID=39b3524fcf1c92a2e14efff2a1329c1d 
Refreshing native plugins compatible for Editor in 5.04 ms, found 3 plugins.
Asset Pipeline Refresh (id=b1bfeda8178bbdd40b88399ebdd567f0): Total: 0.066 seconds - Initiated by StopAssetImportingV2(NoUpdateAssetOptions)
Phase 1 player content generated.
UnityEngine.Debug:ExtractStackTraceNoAlloc (byte*,int,string)
UnityEngine.StackTraceUtility:ExtractStackTrace ()
UnityEngine.DebugLogHandler:Internal_Log (UnityEngine.LogType,UnityEngine.LogOption,string,UnityEngine.Object)
UnityEngine.DebugLogHandler:LogFormat (UnityEngine.LogType,UnityEngine.Object,string,object[])
UnityEngine.Logger:Log (UnityEngine.LogType,object)
UnityEngine.Debug:Log (object)
ExtractionWeight.Core.Editor.PlayerPhase1BootstrapUtility:BuildPhase1PlayerContent () (at Assets/_Project/Core/Runtime/Editor/PlayerPhase1BootstrapUtility.cs:35)
ExtractionWeight.Core.Editor.PlayerPhase1BootstrapUtility:BuildPhase1PlayerContentFromBatchMode () (at Assets/_Project/Core/Runtime/Editor/PlayerPhase1BootstrapUtility.cs:40)

(Filename: Assets/_Project/Core/Runtime/Editor/PlayerPhase1BootstrapUtility.cs Line: 35)

Batchmode quit successfully invoked - shutting down!
[Physics::Module] Cleanup current backend.
[Physics::Module] Id: 0xf2b8ea05
Input System module state changed to: ShutdownInProgress.
Input Polling Thread exited.
Input System module state changed to: Shutdown.
[Licensing::IpcConnector] LicenseClient-jwmcg-6000.4.3-notifications channel disconnected successfully.
[Licensing::IpcConnector] LicenseClient-jwmcg-6000.4.3 channel disconnected successfully.
AcceleratorClientConnectionCallback - disconnected - :0
Cleanup mono
CodeReloadManager destroyed
Exiting batchmode successfully now!
Exiting without the bug reporter. Application will terminate with return code 0