[Licensing::Module] Trying to connect to existing licensing client channel...
Built from '6000.4/staging' branch; Version is '6000.4.3f1 (39d1a88d4dd1) revision 3789224'; Using compiler version '194234433'; Build Type 'Release'
OS: 'Windows 11  (10.0.26200) Core' Language: 'en' Physical Memory: 32609 MB
[Licensing::IpcConnector] Successfully connected to: "LicenseClient-jwmcg" at "2026-04-19T21:18:47.6898736Z"
BatchMode: 1, IsHumanControllingUs: 0, StartBugReporterOnCrash: 0, Is64bit: 1
System  architecture: x64
Process architecture: x64
Date: 2026-04-19T21:18:47Z

COMMAND LINE ARGUMENTS:
C:\Program Files\Unity\Hub\Editor\6000.4.3f1\Editor\Unity.exe
-batchmode
-nographics
-projectPath
C:\Users\jwmcg\OneDrive\Documents\AI Projects\Live Envirnments\extraction-weight-game
-executeMethod
ExtractionWeight.Zone.Editor.ZoneSeedDataUtility.BuildDrydockZoneContent
-quit
-logFile
C:\Users\jwmcg\OneDrive\Documents\AI Projects\Live Envirnments\extraction-weight-game\zone-seed.log
Successfully changed project path to: C:\Users\jwmcg\OneDrive\Documents\AI Projects\Live Envirnments\extraction-weight-game
C:/Users/jwmcg/OneDrive/Documents/AI Projects/Live Envirnments/extraction-weight-game
Exiting without the bug reporter. Application will terminate with return code 1